<?xml version="1.0" encoding="UTF-8"?>
<!-- Generated by org.testng.reporters.JUnitXMLReporter -->
<testsuite ignored="7" hostname="DESKTOP-JAQ1CI6" failures="0" tests="10" name="Test" time="210.96" errors="0" timestamp="2024-08-08T21:21:51 IST">
  <testcase classname="com.mystore.testcases.IndexPageText" name="verifyLogo" time="0.175"/>
  <testcase classname="com.mystore.testcases.IndexPageText" name="verifyTitle" time="0.024"/>
  <testcase classname="com.mystore.testcases.LoginPageTest" name="loginTest" time="4.95"/>
  <testcase classname="com.mystore.testcases.HomePageTest" name="myAddressTest" time="4.814"/>
  <testcase classname="com.mystore.testcases.HomePageTest" name="orderHistoryTest" time="4.515"/>
  <testcase classname="com.mystore.testcases.AccountCreationTest" name="accountCreationTest" time="65.219"/>
  <testcase classname="com.mystore.testcases.SearchResultPageTest" name="productAvailabilityTest" time="6.165"/>
  <testcase classname="com.mystore.testcases.AddToCartTest" name="addToCart" time="5.437"/>
  <testcase classname="com.mystore.testcases.OrderPageTest" name="verifyTotalPrice" time="10.839"/>
  <testcase classname="com.mystore.testcases.EndToEndTest" name="verifyTotalPrice" time="20.441"/>
  <testcase classname="com.mystore.base.BasClass" name="@BeforeTest loadConfig" time="0.0">
    <ignored/>
  </testcase> <!-- @BeforeTest loadConfig -->
  <testcase classname="com.mystore.base.BasClass" name="@BeforeTest loadConfig" time="0.0">
    <ignored/>
  </testcase> <!-- @BeforeTest loadConfig -->
  <testcase classname="com.mystore.base.BasClass" name="@BeforeTest loadConfig" time="0.0">
    <ignored/>
  </testcase> <!-- @BeforeTest loadConfig -->
  <testcase classname="com.mystore.base.BasClass" name="@BeforeTest loadConfig" time="0.0">
    <ignored/>
  </testcase> <!-- @BeforeTest loadConfig -->
  <testcase classname="com.mystore.base.BasClass" name="@BeforeTest loadConfig" time="0.0">
    <ignored/>
  </testcase> <!-- @BeforeTest loadConfig -->
  <testcase classname="com.mystore.base.BasClass" name="@BeforeTest loadConfig" time="0.0">
    <ignored/>
  </testcase> <!-- @BeforeTest loadConfig -->
  <testcase classname="com.mystore.base.BasClass" name="@BeforeTest loadConfig" time="0.0">
    <ignored/>
  </testcase> <!-- @BeforeTest loadConfig -->
</testsuite> <!-- Test -->
