<?xml version="1.0" encoding="UTF-8"?>
<!-- Generated by org.testng.reporters.JUnitReportReporter -->
<testsuite hostname="DESKTOP-JAQ1CI6" failures="0" tests="2" name="com.mystore.testcases.IndexPageText" time="38.578" errors="0" timestamp="2024-07-25T22:06:53 IST" skipped="0">
  <testcase classname="com.mystore.testcases.IndexPageText" name="verifyLogo" time="28.447"/>
  <system-out/>
  <testcase classname="com.mystore.testcases.IndexPageText" name="verifyTitle" time="10.131"/>
  <system-out/>
</testsuite> <!-- com.mystore.testcases.IndexPageText -->
