<?xml version="1.0" encoding="UTF-8"?>
<!-- Generated by org.testng.reporters.JUnitReportReporter -->
<testsuite hostname="DESKTOP-JAQ1CI6" failures="0" tests="2" name="com.mystore.testcases.HomePageTest" time="27.375" errors="0" timestamp="2024-07-30T21:52:03 IST" skipped="0">
  <testcase classname="com.mystore.testcases.HomePageTest" name="orderHistoryTest" time="14.843"/>
  <system-out/>
  <testcase classname="com.mystore.testcases.HomePageTest" name="myAddressTest" time="12.532"/>
  <system-out/>
</testsuite> <!-- com.mystore.testcases.HomePageTest -->
