<?xml version="1.0" encoding="UTF-8"?>
<!-- Generated by org.testng.reporters.JUnitReportReporter -->
<testsuite hostname="DESKTOP-JAQ1CI6" failures="0" tests="2" name="com.mystore.testcases.IndexPageText" time="19.504" errors="0" timestamp="2024-07-30T21:52:03 IST" skipped="0">
  <testcase classname="com.mystore.testcases.IndexPageText" name="verifyLogo" time="10.533"/>
  <system-out/>
  <testcase classname="com.mystore.testcases.IndexPageText" name="verifyTitle" time="8.971"/>
  <system-out/>
</testsuite> <!-- com.mystore.testcases.IndexPageText -->
