<?xml version="1.0" encoding="UTF-8"?>
<!-- Generated by org.testng.reporters.JUnitReportReporter -->
<testsuite hostname="DESKTOP-JAQ1CI6" failures="0" tests="2" name="com.mystore.testcases.HomePageTest" time="34.813" errors="0" timestamp="2024-07-25T22:06:53 IST" skipped="0">
  <testcase classname="com.mystore.testcases.HomePageTest" name="orderHistoryTest" time="21.846"/>
  <system-out/>
  <testcase classname="com.mystore.testcases.HomePageTest" name="myAddressTest" time="12.967"/>
  <system-out/>
</testsuite> <!-- com.mystore.testcases.HomePageTest -->
