<?xml version="1.0" encoding="UTF-8"?>
<testng-results ignored="7" total="17" passed="10" failed="0" skipped="0">
  <reporter-output>
  </reporter-output>
  <suite started-at="2024-08-08T21:18:20 IST" name="Suite" finished-at="2024-08-08T21:21:51 IST" duration-ms="210960">
    <groups>
      <group name="Sanity">
        <method signature="AccountCreationTest.accountCreationTest()[pri:0, instance:com.mystore.testcases.AccountCreationTest@5f8e8a9d]" name="accountCreationTest" class="com.mystore.testcases.AccountCreationTest"/>
        <method signature="AddToCartTest.addToCart()[pri:0, instance:com.mystore.testcases.AddToCartTest@17bffc17]" name="addToCart" class="com.mystore.testcases.AddToCartTest"/>
        <method signature="LoginPageTest.loginTest()[pri:0, instance:com.mystore.testcases.LoginPageTest@6f204a1a]" name="loginTest" class="com.mystore.testcases.LoginPageTest"/>
      </group> <!-- Sanity -->
      <group name="Regression">
        <method signature="AddToCartTest.addToCart()[pri:0, instance:com.mystore.testcases.AddToCartTest@17bffc17]" name="addToCart" class="com.mystore.testcases.AddToCartTest"/>
        <method signature="EndToEndTest.verifyTotalPrice()[pri:0, instance:com.mystore.testcases.EndToEndTest@15a34df2]" name="verifyTotalPrice" class="com.mystore.testcases.EndToEndTest"/>
        <method signature="OrderPageTest.verifyTotalPrice()[pri:0, instance:com.mystore.testcases.OrderPageTest@6e535154]" name="verifyTotalPrice" class="com.mystore.testcases.OrderPageTest"/>
      </group> <!-- Regression -->
      <group name="Smoke">
        <method signature="HomePageTest.myAddressTest()[pri:0, instance:com.mystore.testcases.HomePageTest@2de56eb2]" name="myAddressTest" class="com.mystore.testcases.HomePageTest"/>
        <method signature="HomePageTest.orderHistoryTest()[pri:0, instance:com.mystore.testcases.HomePageTest@2de56eb2]" name="orderHistoryTest" class="com.mystore.testcases.HomePageTest"/>
        <method signature="IndexPageText.verifyLogo()[pri:1, instance:com.mystore.testcases.IndexPageText@3de8f619]" name="verifyLogo" class="com.mystore.testcases.IndexPageText"/>
        <method signature="IndexPageText.verifyTitle()[pri:2, instance:com.mystore.testcases.IndexPageText@3de8f619]" name="verifyTitle" class="com.mystore.testcases.IndexPageText"/>
        <method signature="LoginPageTest.loginTest()[pri:0, instance:com.mystore.testcases.LoginPageTest@6f204a1a]" name="loginTest" class="com.mystore.testcases.LoginPageTest"/>
        <method signature="SearchResultPageTest.productAvailabilityTest()[pri:0, instance:com.mystore.testcases.SearchResultPageTest@5745ca0e]" name="productAvailabilityTest" class="com.mystore.testcases.SearchResultPageTest"/>
      </group> <!-- Smoke -->
    </groups>
    <test started-at="2024-08-08T21:18:20 IST" name="Test" finished-at="2024-08-08T21:21:51 IST" duration-ms="210960">
      <class name="com.mystore.testcases.AccountCreationTest">
        <test-method is-config="true" signature="setup(java.lang.String)[pri:0, instance:com.mystore.testcases.AccountCreationTest@5f8e8a9d]" started-at="2024-08-08T21:19:12 IST" name="setup" finished-at="2024-08-08T21:19:17 IST" duration-ms="5650" status="PASS">
          <params>
            <param index="0">
              <value>
                <![CDATA[Chrome]]>
              </value>
            </param>
          </params>
          <reporter-output>
          </reporter-output>
        </test-method> <!-- setup -->
        <test-method signature="accountCreationTest()[pri:0, instance:com.mystore.testcases.AccountCreationTest@5f8e8a9d]" started-at="2024-08-08T21:19:17 IST" name="accountCreationTest" finished-at="2024-08-08T21:20:23 IST" duration-ms="65219" status="PASS">
          <reporter-output>
          </reporter-output>
        </test-method> <!-- accountCreationTest -->
        <test-method is-config="true" signature="tearDown()[pri:0, instance:com.mystore.testcases.AccountCreationTest@5f8e8a9d]" started-at="2024-08-08T21:20:23 IST" name="tearDown" finished-at="2024-08-08T21:20:23 IST" duration-ms="439" status="PASS">
          <reporter-output>
          </reporter-output>
        </test-method> <!-- tearDown -->
      </class> <!-- com.mystore.testcases.AccountCreationTest -->
      <class name="com.mystore.testcases.IndexPageText">
        <test-method is-config="true" signature="loadConfig()[pri:0, instance:com.mystore.testcases.IndexPageText@3de8f619]" started-at="2024-08-08T21:18:20 IST" name="loadConfig" finished-at="2024-08-08T21:18:20 IST" duration-ms="13" status="PASS">
          <reporter-output>
          </reporter-output>
        </test-method> <!-- loadConfig -->
        <test-method is-config="true" signature="setup(java.lang.String)[pri:0, instance:com.mystore.testcases.IndexPageText@3de8f619]" started-at="2024-08-08T21:18:20 IST" name="setup" finished-at="2024-08-08T21:18:27 IST" duration-ms="6960" status="PASS">
          <params>
            <param index="0">
              <value>
                <![CDATA[Chrome]]>
              </value>
            </param>
          </params>
          <reporter-output>
          </reporter-output>
        </test-method> <!-- setup -->
        <test-method signature="verifyLogo()[pri:1, instance:com.mystore.testcases.IndexPageText@3de8f619]" started-at="2024-08-08T21:18:27 IST" name="verifyLogo" finished-at="2024-08-08T21:18:27 IST" duration-ms="175" status="PASS">
          <reporter-output>
          </reporter-output>
        </test-method> <!-- verifyLogo -->
        <test-method is-config="true" signature="tearDown()[pri:0, instance:com.mystore.testcases.IndexPageText@3de8f619]" started-at="2024-08-08T21:18:27 IST" name="tearDown" finished-at="2024-08-08T21:18:28 IST" duration-ms="768" status="PASS">
          <reporter-output>
          </reporter-output>
        </test-method> <!-- tearDown -->
        <test-method is-config="true" signature="setup(java.lang.String)[pri:0, instance:com.mystore.testcases.IndexPageText@3de8f619]" started-at="2024-08-08T21:18:28 IST" name="setup" finished-at="2024-08-08T21:18:35 IST" duration-ms="7388" status="PASS">
          <params>
            <param index="0">
              <value>
                <![CDATA[Chrome]]>
              </value>
            </param>
          </params>
          <reporter-output>
          </reporter-output>
        </test-method> <!-- setup -->
        <test-method signature="verifyTitle()[pri:2, instance:com.mystore.testcases.IndexPageText@3de8f619]" started-at="2024-08-08T21:18:35 IST" name="verifyTitle" finished-at="2024-08-08T21:18:35 IST" duration-ms="24" status="PASS">
          <reporter-output>
          </reporter-output>
        </test-method> <!-- verifyTitle -->
        <test-method is-config="true" signature="tearDown()[pri:0, instance:com.mystore.testcases.IndexPageText@3de8f619]" started-at="2024-08-08T21:18:35 IST" name="tearDown" finished-at="2024-08-08T21:18:36 IST" duration-ms="382" status="PASS">
          <reporter-output>
          </reporter-output>
        </test-method> <!-- tearDown -->
      </class> <!-- com.mystore.testcases.IndexPageText -->
      <class name="com.mystore.testcases.EndToEndTest">
        <test-method is-config="true" signature="setup(java.lang.String)[pri:0, instance:com.mystore.testcases.EndToEndTest@15a34df2]" started-at="2024-08-08T21:21:18 IST" name="setup" finished-at="2024-08-08T21:21:30 IST" duration-ms="12030" status="PASS">
          <params>
            <param index="0">
              <value>
                <![CDATA[Chrome]]>
              </value>
            </param>
          </params>
          <reporter-output>
          </reporter-output>
        </test-method> <!-- setup -->
        <test-method signature="verifyTotalPrice()[pri:0, instance:com.mystore.testcases.EndToEndTest@15a34df2]" started-at="2024-08-08T21:21:30 IST" name="verifyTotalPrice" finished-at="2024-08-08T21:21:50 IST" duration-ms="20441" status="PASS">
          <reporter-output>
          </reporter-output>
        </test-method> <!-- verifyTotalPrice -->
        <test-method is-config="true" signature="tearDown()[pri:0, instance:com.mystore.testcases.EndToEndTest@15a34df2]" started-at="2024-08-08T21:21:50 IST" name="tearDown" finished-at="2024-08-08T21:21:51 IST" duration-ms="458" status="PASS">
          <reporter-output>
          </reporter-output>
        </test-method> <!-- tearDown -->
      </class> <!-- com.mystore.testcases.EndToEndTest -->
      <class name="com.mystore.testcases.SearchResultPageTest">
        <test-method is-config="true" signature="setup(java.lang.String)[pri:0, instance:com.mystore.testcases.SearchResultPageTest@5745ca0e]" started-at="2024-08-08T21:20:23 IST" name="setup" finished-at="2024-08-08T21:20:29 IST" duration-ms="5857" status="PASS">
          <params>
            <param index="0">
              <value>
                <![CDATA[Chrome]]>
              </value>
            </param>
          </params>
          <reporter-output>
          </reporter-output>
        </test-method> <!-- setup -->
        <test-method signature="productAvailabilityTest()[pri:0, instance:com.mystore.testcases.SearchResultPageTest@5745ca0e]" started-at="2024-08-08T21:20:29 IST" name="productAvailabilityTest" finished-at="2024-08-08T21:20:35 IST" duration-ms="6165" status="PASS">
          <reporter-output>
          </reporter-output>
        </test-method> <!-- productAvailabilityTest -->
        <test-method is-config="true" signature="tearDown()[pri:0, instance:com.mystore.testcases.SearchResultPageTest@5745ca0e]" started-at="2024-08-08T21:20:35 IST" name="tearDown" finished-at="2024-08-08T21:20:35 IST" duration-ms="303" status="PASS">
          <reporter-output>
          </reporter-output>
        </test-method> <!-- tearDown -->
      </class> <!-- com.mystore.testcases.SearchResultPageTest -->
      <class name="com.mystore.testcases.AddToCartTest">
        <test-method is-config="true" signature="setup(java.lang.String)[pri:0, instance:com.mystore.testcases.AddToCartTest@17bffc17]" started-at="2024-08-08T21:20:35 IST" name="setup" finished-at="2024-08-08T21:20:48 IST" duration-ms="12344" status="PASS">
          <params>
            <param index="0">
              <value>
                <![CDATA[Chrome]]>
              </value>
            </param>
          </params>
          <reporter-output>
          </reporter-output>
        </test-method> <!-- setup -->
        <test-method signature="addToCart()[pri:0, instance:com.mystore.testcases.AddToCartTest@17bffc17]" started-at="2024-08-08T21:20:48 IST" name="addToCart" finished-at="2024-08-08T21:20:53 IST" duration-ms="5437" status="PASS">
          <reporter-output>
          </reporter-output>
        </test-method> <!-- addToCart -->
        <test-method is-config="true" signature="tearDown()[pri:0, instance:com.mystore.testcases.AddToCartTest@17bffc17]" started-at="2024-08-08T21:20:53 IST" name="tearDown" finished-at="2024-08-08T21:20:54 IST" duration-ms="929" status="PASS">
          <reporter-output>
          </reporter-output>
        </test-method> <!-- tearDown -->
      </class> <!-- com.mystore.testcases.AddToCartTest -->
      <class name="com.mystore.testcases.OrderPageTest">
        <test-method is-config="true" signature="setup(java.lang.String)[pri:0, instance:com.mystore.testcases.OrderPageTest@6e535154]" started-at="2024-08-08T21:20:54 IST" name="setup" finished-at="2024-08-08T21:21:06 IST" duration-ms="11852" status="PASS">
          <params>
            <param index="0">
              <value>
                <![CDATA[Chrome]]>
              </value>
            </param>
          </params>
          <reporter-output>
          </reporter-output>
        </test-method> <!-- setup -->
        <test-method signature="verifyTotalPrice()[pri:0, instance:com.mystore.testcases.OrderPageTest@6e535154]" started-at="2024-08-08T21:21:06 IST" name="verifyTotalPrice" finished-at="2024-08-08T21:21:17 IST" duration-ms="10839" status="PASS">
          <reporter-output>
          </reporter-output>
        </test-method> <!-- verifyTotalPrice -->
        <test-method is-config="true" signature="tearDown()[pri:0, instance:com.mystore.testcases.OrderPageTest@6e535154]" started-at="2024-08-08T21:21:17 IST" name="tearDown" finished-at="2024-08-08T21:21:18 IST" duration-ms="1088" status="PASS">
          <reporter-output>
          </reporter-output>
        </test-method> <!-- tearDown -->
      </class> <!-- com.mystore.testcases.OrderPageTest -->
      <class name="com.mystore.testcases.HomePageTest">
        <test-method is-config="true" signature="setup(java.lang.String)[pri:0, instance:com.mystore.testcases.HomePageTest@2de56eb2]" started-at="2024-08-08T21:18:49 IST" name="setup" finished-at="2024-08-08T21:18:56 IST" duration-ms="7259" status="PASS">
          <params>
            <param index="0">
              <value>
                <![CDATA[Chrome]]>
              </value>
            </param>
          </params>
          <reporter-output>
          </reporter-output>
        </test-method> <!-- setup -->
        <test-method signature="myAddressTest()[pri:0, instance:com.mystore.testcases.HomePageTest@2de56eb2]" started-at="2024-08-08T21:18:56 IST" name="myAddressTest" finished-at="2024-08-08T21:19:01 IST" duration-ms="4814" status="PASS">
          <reporter-output>
          </reporter-output>
        </test-method> <!-- myAddressTest -->
        <test-method is-config="true" signature="tearDown()[pri:0, instance:com.mystore.testcases.HomePageTest@2de56eb2]" started-at="2024-08-08T21:19:01 IST" name="tearDown" finished-at="2024-08-08T21:19:02 IST" duration-ms="577" status="PASS">
          <reporter-output>
          </reporter-output>
        </test-method> <!-- tearDown -->
        <test-method is-config="true" signature="setup(java.lang.String)[pri:0, instance:com.mystore.testcases.HomePageTest@2de56eb2]" started-at="2024-08-08T21:19:02 IST" name="setup" finished-at="2024-08-08T21:19:07 IST" duration-ms="5377" status="PASS">
          <params>
            <param index="0">
              <value>
                <![CDATA[Chrome]]>
              </value>
            </param>
          </params>
          <reporter-output>
          </reporter-output>
        </test-method> <!-- setup -->
        <test-method signature="orderHistoryTest()[pri:0, instance:com.mystore.testcases.HomePageTest@2de56eb2]" started-at="2024-08-08T21:19:07 IST" name="orderHistoryTest" finished-at="2024-08-08T21:19:12 IST" duration-ms="4515" status="PASS">
          <reporter-output>
          </reporter-output>
        </test-method> <!-- orderHistoryTest -->
        <test-method is-config="true" signature="tearDown()[pri:0, instance:com.mystore.testcases.HomePageTest@2de56eb2]" started-at="2024-08-08T21:19:12 IST" name="tearDown" finished-at="2024-08-08T21:19:12 IST" duration-ms="320" status="PASS">
          <reporter-output>
          </reporter-output>
        </test-method> <!-- tearDown -->
      </class> <!-- com.mystore.testcases.HomePageTest -->
      <class name="com.mystore.testcases.LoginPageTest">
        <test-method is-config="true" signature="setup(java.lang.String)[pri:0, instance:com.mystore.testcases.LoginPageTest@6f204a1a]" started-at="2024-08-08T21:18:36 IST" name="setup" finished-at="2024-08-08T21:18:43 IST" duration-ms="7442" status="PASS">
          <params>
            <param index="0">
              <value>
                <![CDATA[Chrome]]>
              </value>
            </param>
          </params>
          <reporter-output>
          </reporter-output>
        </test-method> <!-- setup -->
        <test-method signature="loginTest()[pri:0, instance:com.mystore.testcases.LoginPageTest@6f204a1a]" started-at="2024-08-08T21:18:43 IST" name="loginTest" finished-at="2024-08-08T21:18:48 IST" duration-ms="4950" status="PASS">
          <reporter-output>
          </reporter-output>
        </test-method> <!-- loginTest -->
        <test-method is-config="true" signature="tearDown()[pri:0, instance:com.mystore.testcases.LoginPageTest@6f204a1a]" started-at="2024-08-08T21:18:48 IST" name="tearDown" finished-at="2024-08-08T21:18:49 IST" duration-ms="728" status="PASS">
          <reporter-output>
          </reporter-output>
        </test-method> <!-- tearDown -->
      </class> <!-- com.mystore.testcases.LoginPageTest -->
    </test> <!-- Test -->
  </suite> <!-- Suite -->
</testng-results>
