<?xml version="1.0" encoding="UTF-8"?>
<testng-results ignored="7" total="17" passed="10" failed="0" skipped="0">
  <reporter-output>
  </reporter-output>
  <suite started-at="2024-08-01T11:40:20 IST" name="Suite" finished-at="2024-08-01T11:43:04 IST" duration-ms="163800">
    <groups>
      <group name="Sanity">
        <method signature="AccountCreationTest.accountCreationTest()[pri:0, instance:com.mystore.testcases.AccountCreationTest@5f8e8a9d]" name="accountCreationTest" class="com.mystore.testcases.AccountCreationTest"/>
        <method signature="AddToCartTest.addToCart()[pri:0, instance:com.mystore.testcases.AddToCartTest@17bffc17]" name="addToCart" class="com.mystore.testcases.AddToCartTest"/>
        <method signature="LoginPageTest.loginTest()[pri:0, instance:com.mystore.testcases.LoginPageTest@6f204a1a]" name="loginTest" class="com.mystore.testcases.LoginPageTest"/>
      </group> <!-- Sanity -->
      <group name="Regression">
        <method signature="AddToCartTest.addToCart()[pri:0, instance:com.mystore.testcases.AddToCartTest@17bffc17]" name="addToCart" class="com.mystore.testcases.AddToCartTest"/>
        <method signature="EndToEndTest.verifyTotalPrice()[pri:0, instance:com.mystore.testcases.EndToEndTest@15a34df2]" name="verifyTotalPrice" class="com.mystore.testcases.EndToEndTest"/>
        <method signature="OrderPageTest.verifyTotalPrice()[pri:0, instance:com.mystore.testcases.OrderPageTest@6e535154]" name="verifyTotalPrice" class="com.mystore.testcases.OrderPageTest"/>
      </group> <!-- Regression -->
      <group name="Smoke">
        <method signature="HomePageTest.myAddressTest()[pri:0, instance:com.mystore.testcases.HomePageTest@2de56eb2]" name="myAddressTest" class="com.mystore.testcases.HomePageTest"/>
        <method signature="HomePageTest.orderHistoryTest()[pri:0, instance:com.mystore.testcases.HomePageTest@2de56eb2]" name="orderHistoryTest" class="com.mystore.testcases.HomePageTest"/>
        <method signature="IndexPageText.verifyLogo()[pri:1, instance:com.mystore.testcases.IndexPageText@3de8f619]" name="verifyLogo" class="com.mystore.testcases.IndexPageText"/>
        <method signature="IndexPageText.verifyTitle()[pri:2, instance:com.mystore.testcases.IndexPageText@3de8f619]" name="verifyTitle" class="com.mystore.testcases.IndexPageText"/>
        <method signature="LoginPageTest.loginTest()[pri:0, instance:com.mystore.testcases.LoginPageTest@6f204a1a]" name="loginTest" class="com.mystore.testcases.LoginPageTest"/>
        <method signature="SearchResultPageTest.productAvailabilityTest()[pri:0, instance:com.mystore.testcases.SearchResultPageTest@5745ca0e]" name="productAvailabilityTest" class="com.mystore.testcases.SearchResultPageTest"/>
      </group> <!-- Smoke -->
    </groups>
    <test started-at="2024-08-01T11:40:20 IST" name="Test" finished-at="2024-08-01T11:43:04 IST" duration-ms="163800">
      <class name="com.mystore.testcases.AccountCreationTest">
        <test-method is-config="true" signature="setup(java.lang.String)[pri:0, instance:com.mystore.testcases.AccountCreationTest@5f8e8a9d]" started-at="2024-08-01T11:41:15 IST" name="setup" finished-at="2024-08-01T11:41:21 IST" duration-ms="6176" status="PASS">
          <params>
            <param index="0">
              <value>
                <![CDATA[Chrome]]>
              </value>
            </param>
          </params>
          <reporter-output>
          </reporter-output>
        </test-method> <!-- setup -->
        <test-method signature="accountCreationTest()[pri:0, instance:com.mystore.testcases.AccountCreationTest@5f8e8a9d]" started-at="2024-08-01T11:41:21 IST" name="accountCreationTest" finished-at="2024-08-01T11:41:39 IST" duration-ms="17344" status="PASS">
          <reporter-output>
          </reporter-output>
        </test-method> <!-- accountCreationTest -->
        <test-method is-config="true" signature="tearDown()[pri:0, instance:com.mystore.testcases.AccountCreationTest@5f8e8a9d]" started-at="2024-08-01T11:41:39 IST" name="tearDown" finished-at="2024-08-01T11:41:39 IST" duration-ms="427" status="PASS">
          <reporter-output>
          </reporter-output>
        </test-method> <!-- tearDown -->
      </class> <!-- com.mystore.testcases.AccountCreationTest -->
      <class name="com.mystore.testcases.IndexPageText">
        <test-method is-config="true" signature="loadConfig()[pri:0, instance:com.mystore.testcases.IndexPageText@3de8f619]" started-at="2024-08-01T11:40:20 IST" name="loadConfig" finished-at="2024-08-01T11:40:21 IST" duration-ms="13" status="PASS">
          <reporter-output>
          </reporter-output>
        </test-method> <!-- loadConfig -->
        <test-method is-config="true" signature="setup(java.lang.String)[pri:0, instance:com.mystore.testcases.IndexPageText@3de8f619]" started-at="2024-08-01T11:40:21 IST" name="setup" finished-at="2024-08-01T11:40:27 IST" duration-ms="6785" status="PASS">
          <params>
            <param index="0">
              <value>
                <![CDATA[Chrome]]>
              </value>
            </param>
          </params>
          <reporter-output>
          </reporter-output>
        </test-method> <!-- setup -->
        <test-method signature="verifyLogo()[pri:1, instance:com.mystore.testcases.IndexPageText@3de8f619]" started-at="2024-08-01T11:40:27 IST" name="verifyLogo" finished-at="2024-08-01T11:40:28 IST" duration-ms="264" status="PASS">
          <reporter-output>
          </reporter-output>
        </test-method> <!-- verifyLogo -->
        <test-method is-config="true" signature="tearDown()[pri:0, instance:com.mystore.testcases.IndexPageText@3de8f619]" started-at="2024-08-01T11:40:28 IST" name="tearDown" finished-at="2024-08-01T11:40:34 IST" duration-ms="6248" status="PASS">
          <reporter-output>
          </reporter-output>
        </test-method> <!-- tearDown -->
        <test-method is-config="true" signature="setup(java.lang.String)[pri:0, instance:com.mystore.testcases.IndexPageText@3de8f619]" started-at="2024-08-01T11:40:34 IST" name="setup" finished-at="2024-08-01T11:40:40 IST" duration-ms="5629" status="PASS">
          <params>
            <param index="0">
              <value>
                <![CDATA[Chrome]]>
              </value>
            </param>
          </params>
          <reporter-output>
          </reporter-output>
        </test-method> <!-- setup -->
        <test-method signature="verifyTitle()[pri:2, instance:com.mystore.testcases.IndexPageText@3de8f619]" started-at="2024-08-01T11:40:40 IST" name="verifyTitle" finished-at="2024-08-01T11:40:40 IST" duration-ms="20" status="PASS">
          <reporter-output>
          </reporter-output>
        </test-method> <!-- verifyTitle -->
        <test-method is-config="true" signature="tearDown()[pri:0, instance:com.mystore.testcases.IndexPageText@3de8f619]" started-at="2024-08-01T11:40:40 IST" name="tearDown" finished-at="2024-08-01T11:40:40 IST" duration-ms="759" status="PASS">
          <reporter-output>
          </reporter-output>
        </test-method> <!-- tearDown -->
      </class> <!-- com.mystore.testcases.IndexPageText -->
      <class name="com.mystore.testcases.EndToEndTest">
        <test-method is-config="true" signature="setup(java.lang.String)[pri:0, instance:com.mystore.testcases.EndToEndTest@15a34df2]" started-at="2024-08-01T11:42:31 IST" name="setup" finished-at="2024-08-01T11:42:43 IST" duration-ms="11442" status="PASS">
          <params>
            <param index="0">
              <value>
                <![CDATA[Chrome]]>
              </value>
            </param>
          </params>
          <reporter-output>
          </reporter-output>
        </test-method> <!-- setup -->
        <test-method signature="verifyTotalPrice()[pri:0, instance:com.mystore.testcases.EndToEndTest@15a34df2]" started-at="2024-08-01T11:42:43 IST" name="verifyTotalPrice" finished-at="2024-08-01T11:43:04 IST" duration-ms="20839" status="PASS">
          <reporter-output>
          </reporter-output>
        </test-method> <!-- verifyTotalPrice -->
        <test-method is-config="true" signature="tearDown()[pri:0, instance:com.mystore.testcases.EndToEndTest@15a34df2]" started-at="2024-08-01T11:43:04 IST" name="tearDown" finished-at="2024-08-01T11:43:04 IST" duration-ms="570" status="PASS">
          <reporter-output>
          </reporter-output>
        </test-method> <!-- tearDown -->
      </class> <!-- com.mystore.testcases.EndToEndTest -->
      <class name="com.mystore.testcases.SearchResultPageTest">
        <test-method is-config="true" signature="setup(java.lang.String)[pri:0, instance:com.mystore.testcases.SearchResultPageTest@5745ca0e]" started-at="2024-08-01T11:41:39 IST" name="setup" finished-at="2024-08-01T11:41:45 IST" duration-ms="6136" status="PASS">
          <params>
            <param index="0">
              <value>
                <![CDATA[Chrome]]>
              </value>
            </param>
          </params>
          <reporter-output>
          </reporter-output>
        </test-method> <!-- setup -->
        <test-method signature="productAvailabilityTest()[pri:0, instance:com.mystore.testcases.SearchResultPageTest@5745ca0e]" started-at="2024-08-01T11:41:45 IST" name="productAvailabilityTest" finished-at="2024-08-01T11:41:51 IST" duration-ms="5539" status="PASS">
          <reporter-output>
          </reporter-output>
        </test-method> <!-- productAvailabilityTest -->
        <test-method is-config="true" signature="tearDown()[pri:0, instance:com.mystore.testcases.SearchResultPageTest@5745ca0e]" started-at="2024-08-01T11:41:51 IST" name="tearDown" finished-at="2024-08-01T11:41:51 IST" duration-ms="336" status="PASS">
          <reporter-output>
          </reporter-output>
        </test-method> <!-- tearDown -->
      </class> <!-- com.mystore.testcases.SearchResultPageTest -->
      <class name="com.mystore.testcases.AddToCartTest">
        <test-method is-config="true" signature="setup(java.lang.String)[pri:0, instance:com.mystore.testcases.AddToCartTest@17bffc17]" started-at="2024-08-01T11:41:51 IST" name="setup" finished-at="2024-08-01T11:42:03 IST" duration-ms="12236" status="PASS">
          <params>
            <param index="0">
              <value>
                <![CDATA[Chrome]]>
              </value>
            </param>
          </params>
          <reporter-output>
          </reporter-output>
        </test-method> <!-- setup -->
        <test-method signature="addToCart()[pri:0, instance:com.mystore.testcases.AddToCartTest@17bffc17]" started-at="2024-08-01T11:42:03 IST" name="addToCart" finished-at="2024-08-01T11:42:09 IST" duration-ms="5210" status="PASS">
          <reporter-output>
          </reporter-output>
        </test-method> <!-- addToCart -->
        <test-method is-config="true" signature="tearDown()[pri:0, instance:com.mystore.testcases.AddToCartTest@17bffc17]" started-at="2024-08-01T11:42:09 IST" name="tearDown" finished-at="2024-08-01T11:42:09 IST" duration-ms="415" status="PASS">
          <reporter-output>
          </reporter-output>
        </test-method> <!-- tearDown -->
      </class> <!-- com.mystore.testcases.AddToCartTest -->
      <class name="com.mystore.testcases.OrderPageTest">
        <test-method is-config="true" signature="setup(java.lang.String)[pri:0, instance:com.mystore.testcases.OrderPageTest@6e535154]" started-at="2024-08-01T11:42:09 IST" name="setup" finished-at="2024-08-01T11:42:21 IST" duration-ms="11700" status="PASS">
          <params>
            <param index="0">
              <value>
                <![CDATA[Chrome]]>
              </value>
            </param>
          </params>
          <reporter-output>
          </reporter-output>
        </test-method> <!-- setup -->
        <test-method signature="verifyTotalPrice()[pri:0, instance:com.mystore.testcases.OrderPageTest@6e535154]" started-at="2024-08-01T11:42:21 IST" name="verifyTotalPrice" finished-at="2024-08-01T11:42:30 IST" duration-ms="9663" status="PASS">
          <reporter-output>
          </reporter-output>
        </test-method> <!-- verifyTotalPrice -->
        <test-method is-config="true" signature="tearDown()[pri:0, instance:com.mystore.testcases.OrderPageTest@6e535154]" started-at="2024-08-01T11:42:30 IST" name="tearDown" finished-at="2024-08-01T11:42:31 IST" duration-ms="1108" status="PASS">
          <reporter-output>
          </reporter-output>
        </test-method> <!-- tearDown -->
      </class> <!-- com.mystore.testcases.OrderPageTest -->
      <class name="com.mystore.testcases.HomePageTest">
        <test-method is-config="true" signature="setup(java.lang.String)[pri:0, instance:com.mystore.testcases.HomePageTest@2de56eb2]" started-at="2024-08-01T11:40:51 IST" name="setup" finished-at="2024-08-01T11:40:58 IST" duration-ms="6249" status="PASS">
          <params>
            <param index="0">
              <value>
                <![CDATA[Chrome]]>
              </value>
            </param>
          </params>
          <reporter-output>
          </reporter-output>
        </test-method> <!-- setup -->
        <test-method signature="myAddressTest()[pri:0, instance:com.mystore.testcases.HomePageTest@2de56eb2]" started-at="2024-08-01T11:40:58 IST" name="myAddressTest" finished-at="2024-08-01T11:41:03 IST" duration-ms="5126" status="PASS">
          <reporter-output>
          </reporter-output>
        </test-method> <!-- myAddressTest -->
        <test-method is-config="true" signature="tearDown()[pri:0, instance:com.mystore.testcases.HomePageTest@2de56eb2]" started-at="2024-08-01T11:41:03 IST" name="tearDown" finished-at="2024-08-01T11:41:03 IST" duration-ms="312" status="PASS">
          <reporter-output>
          </reporter-output>
        </test-method> <!-- tearDown -->
        <test-method is-config="true" signature="setup(java.lang.String)[pri:0, instance:com.mystore.testcases.HomePageTest@2de56eb2]" started-at="2024-08-01T11:41:03 IST" name="setup" finished-at="2024-08-01T11:41:06 IST" duration-ms="3139" status="PASS">
          <params>
            <param index="0">
              <value>
                <![CDATA[Chrome]]>
              </value>
            </param>
          </params>
          <reporter-output>
          </reporter-output>
        </test-method> <!-- setup -->
        <test-method signature="orderHistoryTest()[pri:0, instance:com.mystore.testcases.HomePageTest@2de56eb2]" started-at="2024-08-01T11:41:06 IST" name="orderHistoryTest" finished-at="2024-08-01T11:41:15 IST" duration-ms="8430" status="PASS">
          <reporter-output>
          </reporter-output>
        </test-method> <!-- orderHistoryTest -->
        <test-method is-config="true" signature="tearDown()[pri:0, instance:com.mystore.testcases.HomePageTest@2de56eb2]" started-at="2024-08-01T11:41:15 IST" name="tearDown" finished-at="2024-08-01T11:41:15 IST" duration-ms="434" status="PASS">
          <reporter-output>
          </reporter-output>
        </test-method> <!-- tearDown -->
      </class> <!-- com.mystore.testcases.HomePageTest -->
      <class name="com.mystore.testcases.LoginPageTest">
        <test-method is-config="true" signature="setup(java.lang.String)[pri:0, instance:com.mystore.testcases.LoginPageTest@6f204a1a]" started-at="2024-08-01T11:40:40 IST" name="setup" finished-at="2024-08-01T11:40:46 IST" duration-ms="5970" status="PASS">
          <params>
            <param index="0">
              <value>
                <![CDATA[Chrome]]>
              </value>
            </param>
          </params>
          <reporter-output>
          </reporter-output>
        </test-method> <!-- setup -->
        <test-method signature="loginTest()[pri:0, instance:com.mystore.testcases.LoginPageTest@6f204a1a]" started-at="2024-08-01T11:40:46 IST" name="loginTest" finished-at="2024-08-01T11:40:51 IST" duration-ms="4871" status="PASS">
          <reporter-output>
          </reporter-output>
        </test-method> <!-- loginTest -->
        <test-method is-config="true" signature="tearDown()[pri:0, instance:com.mystore.testcases.LoginPageTest@6f204a1a]" started-at="2024-08-01T11:40:51 IST" name="tearDown" finished-at="2024-08-01T11:40:51 IST" duration-ms="272" status="PASS">
          <reporter-output>
          </reporter-output>
        </test-method> <!-- tearDown -->
      </class> <!-- com.mystore.testcases.LoginPageTest -->
    </test> <!-- Test -->
  </suite> <!-- Suite -->
</testng-results>
