<?xml version="1.0" encoding="UTF-8"?>
<!-- Generated by org.testng.reporters.JUnitXMLReporter -->
<testsuite ignored="7" hostname="DESKTOP-JAQ1CI6" failures="0" tests="10" name="Test" time="166.406" errors="0" timestamp="2024-07-30T21:52:01 IST">
  <testcase classname="com.mystore.testcases.IndexPageText" name="verifyLogo" time="0.097"/>
  <testcase classname="com.mystore.testcases.IndexPageText" name="verifyTitle" time="0.032"/>
  <testcase classname="com.mystore.testcases.LoginPageTest" name="loginTest" time="5.743"/>
  <testcase classname="com.mystore.testcases.HomePageTest" name="myAddressTest" time="4.905"/>
  <testcase classname="com.mystore.testcases.HomePageTest" name="orderHistoryTest" time="5.524"/>
  <testcase classname="com.mystore.testcases.AccountCreationTest" name="accountCreationTest" time="13.367"/>
  <testcase classname="com.mystore.testcases.SearchResultPageTest" name="productAvailabilityTest" time="5.574"/>
  <testcase classname="com.mystore.testcases.AddToCartTest" name="addToCart" time="5.198"/>
  <testcase classname="com.mystore.testcases.OrderPageTest" name="verifyTotalPrice" time="9.087"/>
  <testcase classname="com.mystore.testcases.EndToEndTest" name="verifyTotalPrice" time="20.069"/>
  <testcase classname="com.mystore.base.BasClass" name="@BeforeTest loadConfig" time="0.0">
    <ignored/>
  </testcase> <!-- @BeforeTest loadConfig -->
  <testcase classname="com.mystore.base.BasClass" name="@BeforeTest loadConfig" time="0.0">
    <ignored/>
  </testcase> <!-- @BeforeTest loadConfig -->
  <testcase classname="com.mystore.base.BasClass" name="@BeforeTest loadConfig" time="0.0">
    <ignored/>
  </testcase> <!-- @BeforeTest loadConfig -->
  <testcase classname="com.mystore.base.BasClass" name="@BeforeTest loadConfig" time="0.0">
    <ignored/>
  </testcase> <!-- @BeforeTest loadConfig -->
  <testcase classname="com.mystore.base.BasClass" name="@BeforeTest loadConfig" time="0.0">
    <ignored/>
  </testcase> <!-- @BeforeTest loadConfig -->
  <testcase classname="com.mystore.base.BasClass" name="@BeforeTest loadConfig" time="0.0">
    <ignored/>
  </testcase> <!-- @BeforeTest loadConfig -->
  <testcase classname="com.mystore.base.BasClass" name="@BeforeTest loadConfig" time="0.0">
    <ignored/>
  </testcase> <!-- @BeforeTest loadConfig -->
</testsuite> <!-- Test -->
