<?xml version="1.0" encoding="UTF-8"?>
<!-- Generated by org.testng.reporters.JUnitXMLReporter -->
<testsuite ignored="7" hostname="DESKTOP-JAQ1CI6" failures="0" tests="10" name="Test" time="208.502" errors="0" timestamp="2024-07-25T22:06:53 IST">
  <testcase classname="com.mystore.testcases.IndexPageText" name="verifyLogo" time="0.174"/>
  <testcase classname="com.mystore.testcases.IndexPageText" name="verifyTitle" time="0.02"/>
  <testcase classname="com.mystore.testcases.LoginPageTest" name="loginTest" time="5.767"/>
  <testcase classname="com.mystore.testcases.HomePageTest" name="myAddressTest" time="5.963"/>
  <testcase classname="com.mystore.testcases.HomePageTest" name="orderHistoryTest" time="5.075"/>
  <testcase classname="com.mystore.testcases.AccountCreationTest" name="accountCreationTest" time="11.554"/>
  <testcase classname="com.mystore.testcases.SearchResultPageTest" name="productAvailabilityTest" time="5.489"/>
  <testcase classname="com.mystore.testcases.AddToCartTest" name="addToCart" time="4.617"/>
  <testcase classname="com.mystore.testcases.OrderPageTest" name="verifyTotalPrice" time="9.664"/>
  <testcase classname="com.mystore.testcases.EndToEndTest" name="verifyTotalPrice" time="19.235"/>
  <testcase classname="com.mystore.base.BasClass" name="@BeforeTest loadConfig" time="0.0">
    <ignored/>
  </testcase> <!-- @BeforeTest loadConfig -->
  <testcase classname="com.mystore.base.BasClass" name="@BeforeTest loadConfig" time="0.0">
    <ignored/>
  </testcase> <!-- @BeforeTest loadConfig -->
  <testcase classname="com.mystore.base.BasClass" name="@BeforeTest loadConfig" time="0.0">
    <ignored/>
  </testcase> <!-- @BeforeTest loadConfig -->
  <testcase classname="com.mystore.base.BasClass" name="@BeforeTest loadConfig" time="0.0">
    <ignored/>
  </testcase> <!-- @BeforeTest loadConfig -->
  <testcase classname="com.mystore.base.BasClass" name="@BeforeTest loadConfig" time="0.0">
    <ignored/>
  </testcase> <!-- @BeforeTest loadConfig -->
  <testcase classname="com.mystore.base.BasClass" name="@BeforeTest loadConfig" time="0.0">
    <ignored/>
  </testcase> <!-- @BeforeTest loadConfig -->
  <testcase classname="com.mystore.base.BasClass" name="@BeforeTest loadConfig" time="0.0">
    <ignored/>
  </testcase> <!-- @BeforeTest loadConfig -->
</testsuite> <!-- Test -->
